2026-01-10 20:11:25 
    create table vx_users (
        id number(19,0) generated as identity,
        created_at timestamp(6),
        department varchar2(255 char),
        email varchar2(255 char),
        failed_attempts number(10,0),
        full_name varchar2(255 char),
        last_login timestamp(6),
        otp_code varchar2(255 char),
        otp_expiry_time timestamp(6),
        otp_required number(1,0) check (otp_required in (0,1)),
        password_hash varchar2(255 char) not null,
        phone_number varchar2(255 char),
        role varchar2(255 char) not null,
        status varchar2(255 char),
        vrx_id varchar2(255 char) not null,
        primary key (id)
    )
2026-01-10 20:11:25 
    alter table if exists vx_users 
       drop constraint UK_24837mat2kxqthffct3mkbspf
2026-01-10 20:11:25 
    alter table if exists vx_users 
       add constraint UK_24837mat2kxqthffct3mkbspf unique (email)
2026-01-10 20:11:25 
    alter table if exists vx_users 
       drop constraint UK_kun7m0btf1664gvfivi7yk1p6
2026-01-10 20:11:25 
    alter table if exists vx_users 
       add constraint UK_kun7m0btf1664gvfivi7yk1p6 unique (vrx_id)
